[2025-01-12 16:55:02] INFO Данные заказа с ID 4 добавлены в кэш для ключа order_4
[2025-01-12 16:55:02] INFO Пользователь admin обновил заказ с ID 4
[2025-01-12 17:19:19] INFO Пользователь admin авторизован
[2025-01-12 17:19:40] WARNING Ошибка при создании заказа пользователем dev: {'products': [ErrorDetail(string='This field is required.', code='required')]}
[2025-01-12 17:20:35] INFO Данные заказа с ID 5 добавлены в кэш для ключа order_5
[2025-01-12 17:20:35] INFO Пользователь dev создал заказ с ID 5
[2025-01-12 17:20:49] INFO Данные заказа с ID 5 получены из кэша
[2025-01-12 17:20:54] INFO Пользователь dev удалил заказ с ID 5 из базы и кэша
[2025-01-12 17:32:54] INFO Данные заказа с ID 6 добавлены в кэш для ключа order_6
[2025-01-12 17:32:54] INFO Пользователь dev создал заказ с ID 6
[2025-01-12 17:33:00] INFO У пользователя dev нет прав на удаление заказа с ID 6
[2025-01-12 17:46:48] INFO У пользователя dev нет прав на просмотр заказа с ID 4
[2025-01-12 17:47:01] INFO Данные заказа с ID 6 добавлены в кэш для ключа order_6
[2025-01-12 17:48:01] INFO Данные заказа с ID 6 получены из кэша
[2025-01-12 18:05:31] INFO Данные заказа с ID 6 добавлены в кэш для ключа order_6
[2025-01-12 18:05:58] INFO Данные заказа с ID 6 получены из кэша
[2025-01-12 18:12:23] INFO Данные заказа с ID 6 добавлены в кэш для ключа order_6
[2025-01-13 11:16:12] INFO Пользователь  авторизован
[2025-01-13 11:17:35] INFO Пользователь  авторизован
[2025-01-13 11:17:41] INFO Пользователь  авторизован
[2025-01-13 11:18:07] INFO Пользователь  авторизован
[2025-01-13 11:19:22] INFO Данные заказа с ID 1 добавлены в кэш для ключа order_1
[2025-01-13 11:19:22] INFO Пользователь dev создал заказ с ID 1
[2025-01-13 11:19:34] INFO Данные заказа с ID 1 получены из кэша
[2025-01-13 11:36:15] INFO Пользователь  авторизован
[2025-01-13 11:37:02] INFO Данные заказа с ID 1 добавлены в кэш для ключа order_1
[2025-01-13 11:37:23] INFO Данные заказа с ID 1 добавлены в кэш для ключа order_1
[2025-01-13 11:37:23] INFO Пользователь dev обновил заказ с ID 1
[2025-01-13 11:47:39] INFO У пользователя dev нет прав на удаление заказа с ID 1
[2025-01-13 12:05:39] WARNING Ошибка при обновлении заказа с ID 1 пользователем dev: {'products': [{'product_id': [ErrorDetail(string='Invalid pk "0" - object does not exist.', code='does_not_exist')]}]}
[2025-01-13 12:07:11] INFO У пользователя dev нет прав на удаление заказа с ID 1
[2025-01-13 12:07:33] INFO Пользователь dev авторизован
[2025-01-13 12:08:39] INFO Пользователь admin удалил заказ с ID 1 из базы и кэша
[2025-01-13 12:16:53] INFO Пользователь  авторизован
[2025-01-13 12:18:02] WARNING Ошибка при создании заказа пользователем admin: {'products': [{'product_id': [ErrorDetail(string='Invalid pk "5" - object does not exist.', code='does_not_exist')]}]}
[2025-01-13 12:20:13] INFO Данные заказа с ID 2 добавлены в кэш для ключа order_2
[2025-01-13 12:20:13] INFO Пользователь admin создал заказ с ID 2
[2025-01-13 12:27:54] INFO У пользователя dev нет прав на редактирование заказа с ID 2
[2025-01-13 12:28:35] INFO Пользователь  авторизован
[2025-01-13 12:29:14] INFO Данные заказа с ID 2 добавлены в кэш для ключа order_2
[2025-01-13 12:29:21] INFO Данные заказа с ID 2 добавлены в кэш для ключа order_2
[2025-01-13 12:29:21] INFO Пользователь admin обновил заказ с ID 2
[2025-01-13 12:29:48] INFO Данные заказа с ID 2 добавлены в кэш для ключа order_2
[2025-01-13 12:29:48] INFO Пользователь admin обновил заказ с ID 2
